[38;5;86m[HTTP][0m [37m-->[39m [37mPOST[39m [37m/session[39m [90m{"capabilities":{"alwaysMatch":{"platformName":"Android","appium:deviceName":"ebac","appium:platformVersion":"11.0","appium:automationName":"UiAutomator2","appium:app":"C:\\repositorio\\ebac-store-mobile-tests/app/ebacshop.apks","appium:appWaitActivity":".MainActivity","appium:disableIdLocatorAutocompletion":true},"firstMatch":[{}]}}[39m
[38;5;99m[AppiumDriver@1f1c][0m Calling AppiumDriver.createSession() with args: [null,null,{"alwaysMatch":{"platformName":"Android","appium:deviceName":"ebac","appium:platformVersion":"11.0","appium:automationName":"UiAutomator2","appium:app":"C:\\repositorio\\ebac-store-mobile-tests/app/ebacshop.apks","appium:appWaitActivity":".MainActivity","appium:disableIdLocatorAutocompletion":true},"firstMatch":[{}]}]
[38;5;99m[AppiumDriver@1f1c][0m Event 'newSessionRequested' logged at 1747612696986 (20:58:16 GMT-0300 (Horário Padrão de Brasília))
[38;5;112m[Appium][0m Attempting to find matching driver for automationName 'UiAutomator2' and platformName 'Android'
[38;5;112m[Appium][0m The 'uiautomator2' driver was installed and matched caps.
[38;5;112m[Appium][0m Will require it at C:\repositorio\ebac-store-mobile-tests\node_modules\appium-uiautomator2-driver
[38;5;112m[Appium][0m Requiring driver at C:\repositorio\ebac-store-mobile-tests\node_modules\appium-uiautomator2-driver\build\index.js
[38;5;99m[AppiumDriver@1f1c][0m Appium v2.18.0 creating new AndroidUiautomator2Driver (v2.45.1) session
[38;5;99m[AppiumDriver@1f1c][0m Checking BaseDriver versions for Appium and AndroidUiautomator2Driver
[38;5;99m[AppiumDriver@1f1c][0m Appium's BaseDriver version is 9.17.0
[38;5;99m[AppiumDriver@1f1c][0m AndroidUiautomator2Driver's BaseDriver version is 9.5.1
[38;5;99m[AppiumDriver@1f1c][0m Applying relaxed security to 'AndroidUiautomator2Driver' as per server command line argument. All insecure features will be enabled unless explicitly disabled by --deny-insecure
[38;5;-100m[AndroidUiautomator2Driver@a956][0m Creating session with W3C capabilities: {
[38;5;-100m[AndroidUiautomator2Driver@a956][0m   "alwaysMatch": {
[38;5;-100m[AndroidUiautomator2Driver@a956][0m     "platformName": "Android",
[38;5;-100m[AndroidUiautomator2Driver@a956][0m     "appium:deviceName": "ebac",
[38;5;-100m[AndroidUiautomator2Driver@a956][0m     "appium:platformVersion": "11.0",
[38;5;-100m[AndroidUiautomator2Driver@a956][0m     "appium:automationName": "UiAutomator2",
[38;5;-100m[AndroidUiautomator2Driver@a956][0m     "appium:app": "C:\\repositorio\\ebac-store-mobile-tests/app/ebacshop.apks",
[38;5;-100m[AndroidUiautomator2Driver@a956][0m     "appium:appWaitActivity": ".MainActivity",
[38;5;-100m[AndroidUiautomator2Driver@a956][0m     "appium:disableIdLocatorAutocompletion": true
[38;5;-100m[AndroidUiautomator2Driver@a956][0m   },
[38;5;-100m[AndroidUiautomator2Driver@a956][0m   "firstMatch": [
[38;5;-100m[AndroidUiautomator2Driver@a956][0m     {}
[38;5;-100m[AndroidUiautomator2Driver@a956][0m   ]
[38;5;-100m[AndroidUiautomator2Driver@a956][0m }
[38;5;-100m[AndroidUiautomator2Driver@a956][0m The following provided capabilities were not recognized by this driver:
[38;5;-100m[AndroidUiautomator2Driver@a956][0m   disableIdLocatorAutocompletion
[38;5;96m[AndroidUiautomator2Driver@a956 (3d224a09)][0m Session created with session id: 3d224a09-891d-4364-81aa-d581f741a5c8
[38;5;229m[ADB][0m Found 2 'build-tools' folders under 'C:\Users\milli\AppData\Local\Android\Sdk\' (newest first):
[38;5;229m[ADB][0m     C:\Users\milli\AppData\Local\Android\Sdk\build-tools\36.0.0
[38;5;229m[ADB][0m     C:\Users\milli\AppData\Local\Android\Sdk\build-tools\35.0.1
[38;5;229m[ADB][0m Using 'adb.exe' from 'C:\Users\milli\AppData\Local\Android\Sdk\platform-tools\adb.exe'
[38;5;229m[ADB][0m Running 'C:\Users\milli\AppData\Local\Android\Sdk\platform-tools\adb.exe -P 5037 start-server'
[38;5;96m[AndroidUiautomator2Driver@a956 (3d224a09)][0m Retrieving device list
[38;5;229m[ADB][0m Trying to find connected Android devices
[38;5;229m[ADB][0m Getting connected devices
[38;5;229m[ADB][0m Connected devices: [{"udid":"emulator-5554","state":"device"}]
[38;5;96m[AndroidUiautomator2Driver@a956 (3d224a09)][0m Looking for a device with Android '11.0.0'
[38;5;229m[ADB][0m Setting device id to emulator-5554
[38;5;229m[ADB][0m Getting device platform version
[38;5;229m[ADB][0m Running 'C:\Users\milli\AppData\Local\Android\Sdk\platform-tools\adb.exe -P 5037 -s emulator-5554 shell getprop ro.build.version.release'
[38;5;229m[ADB][0m Current device property 'ro.build.version.release': 11
[38;5;96m[AndroidUiautomator2Driver@a956 (3d224a09)][0m Using device: emulator-5554
[38;5;229m[ADB][0m Using 'adb.exe' from 'C:\Users\milli\AppData\Local\Android\Sdk\platform-tools\adb.exe'
[38;5;229m[ADB][0m Running 'C:\Users\milli\AppData\Local\Android\Sdk\platform-tools\adb.exe -P 5037 start-server'
[38;5;229m[ADB][0m Setting device id to emulator-5554
[38;5;123m[BaseDriver][0m Using local app 'C:\repositorio\ebac-store-mobile-tests/app/ebacshop.apks'
[38;5;96m[AndroidUiautomator2Driver@a956 (3d224a09)][0m Checking whether app is actually present
[38;5;229m[ADB][0m Running 'C:\Users\milli\AppData\Local\Android\Sdk\platform-tools\adb.exe -P 5037 -s emulator-5554 shell getprop ro.build.version.sdk'
[38;5;229m[ADB][0m Current device property 'ro.build.version.sdk': 30
[38;5;229m[ADB][0m Getting device platform version
[38;5;229m[ADB][0m Running 'C:\Users\milli\AppData\Local\Android\Sdk\platform-tools\adb.exe -P 5037 -s emulator-5554 shell getprop ro.build.version.release'
[38;5;229m[ADB][0m Current device property 'ro.build.version.release': 11
[38;5;229m[ADB][0m Device API level: 30
[38;5;96m[AndroidUiautomator2Driver@a956 (3d224a09)][0m Relaxing hidden api policy
[38;5;229m[ADB][0m Running 'C:\Users\milli\AppData\Local\Android\Sdk\platform-tools\adb.exe -P 5037 -s emulator-5554 shell 'settings put global hidden_api_policy_pre_p_apps 1;settings put global hidden_api_policy_p_apps 1;settings put global hidden_api_policy 1''
[38;5;96m[AndroidUiautomator2Driver@a956 (3d224a09)][0m Parsing package and activity from app manifest
[38;5;229m[ADB][0m Running 'C:\Users\milli\AppData\Local\Android\Sdk\platform-tools\adb.exe -P 5037 -s emulator-5554 wait-for-device'
[38;5;229m[ADB][0m Running 'C:\Users\milli\AppData\Local\Android\Sdk\platform-tools\adb.exe -P 5037 -s emulator-5554 shell echo ping'
[38;5;96m[AndroidUiautomator2Driver@a956 (3d224a09)][0m Pushing settings apk to the device...
[38;5;229m[ADB][0m Getting package info for 'io.appium.settings'
[38;5;229m[ADB][0m Running 'C:\Users\milli\AppData\Local\Android\Sdk\platform-tools\adb.exe -P 5037 -s emulator-5554 shell dumpsys package io.appium.settings'
[38;5;229m[ADB][0m The version code of the installed 'io.appium.settings' is greater than the application version code (124 > 75)
[38;5;229m[ADB][0m There is no need to downgrade 'io.appium.settings'
[38;5;229m[ADB][0m Running 'C:\Users\milli\AppData\Local\Android\Sdk\platform-tools\adb.exe -P 5037 -s emulator-5554 shell dumpsys activity services io.appium.settings'
[38;5;96m[AndroidUiautomator2Driver@a956 (3d224a09)][0m io.appium.settings is already running. There is no need to reset its permissions.
[38;5;160m[Logcat][0m Starting logs capture with command: C:\\Users\\milli\\AppData\\Local\\Android\\Sdk\\platform-tools\\adb.exe -P 5037 -s emulator-5554 logcat -v threadtime
[38;5;229m[ADB][0m Calculated 'C:\repositorio\ebac-store-mobile-tests/app/ebacshop.apks' hash: 3ff2fab5563a1d264ebeab2f84500687872d3fed
[38;5;229m[ADB][0m Unpacking application bundle at 'C:\repositorio\ebac-store-mobile-tests/app/ebacshop.apks' to 'C:\Users\milli\AppData\Local\Temp\2025418-11280-1c05xj6.zrg3i'
[38;5;229m[ADB][0m Unzipping 'C:\repositorio\ebac-store-mobile-tests/app/ebacshop.apks' to 'C:\Users\milli\AppData\Local\Temp\2025418-11280-1c05xj6.zrg3i'
[38;5;229m[ADB][0m Unzip successful
[38;5;229m[ADB][0m Package name: 'br.com.lojaebac'
[38;5;229m[ADB][0m Main activity name: 'br.com.lojaebac.MainActivity'
[38;5;96m[AndroidUiautomator2Driver@a956 (3d224a09)][0m Parsed package and activity are: br.com.lojaebac/br.com.lojaebac.MainActivity
[38;5;96m[AndroidUiautomator2Driver@a956 (3d224a09)][0m Forwarding UiAutomator2 Server port 6790 to local port 8201
[38;5;229m[ADB][0m Forwarding system: 8201 to device: 6790
[38;5;229m[ADB][0m Running 'C:\Users\milli\AppData\Local\Android\Sdk\platform-tools\adb.exe -P 5037 -s emulator-5554 forward tcp:8201 tcp:6790'
[38;5;229m[ADB][0m Checking app cert for C:\repositorio\ebac-store-mobile-tests/app/ebacshop.apks
[38;5;229m[ADB][0m Checking app cert for C:\repositorio\ebac-store-mobile-tests\node_modules\appium-uiautomator2-driver\node_modules\appium-uiautomator2-server\apks\appium-uiautomator2-server-v6.0.9.apk
[38;5;229m[ADB][0m Checking app cert for C:\repositorio\ebac-store-mobile-tests\node_modules\appium-uiautomator2-driver\node_modules\appium-uiautomator2-server\apks\appium-uiautomator2-server-debug-androidTest.apk
[38;5;229m[ADB][0m Using 'apksigner.jar' from 'C:\Users\milli\AppData\Local\Android\Sdk\build-tools\36.0.0\lib\apksigner.jar'
[38;5;229m[ADB][0m Starting apksigner: 'C:\\Program Files\\Java\\jdk-21\\bin\\java.exe' -Xmx1024M -Xss1m -jar C:\\Users\\milli\\AppData\\Local\\Android\\Sdk\\build-tools\\36.0.0\\lib\\apksigner.jar verify --print-certs C:\\repositorio\\ebac-store-mobile-tests\\node_modules\\appium-uiautomator2-driver\\node_modules\\appium-uiautomator2-server\\apks\\appium-uiautomator2-server-debug-androidTest.apk
[38;5;229m[ADB][0m Starting apksigner: 'C:\\Program Files\\Java\\jdk-21\\bin\\java.exe' -Xmx1024M -Xss1m -jar C:\\Users\\milli\\AppData\\Local\\Android\\Sdk\\build-tools\\36.0.0\\lib\\apksigner.jar verify --print-certs C:\\repositorio\\ebac-store-mobile-tests\\node_modules\\appium-uiautomator2-driver\\node_modules\\appium-uiautomator2-server\\apks\\appium-uiautomator2-server-v6.0.9.apk
[38;5;229m[ADB][0m apksigner stdout: Signer #1 certificate DN: EMAILADDRESS=android@android.com, CN=Android, OU=Android, O=Android, L=Mountain View, ST=California, C=US
[38;5;229m[ADB][0m Signer #1 certificate SHA-256 digest: a40da80a59d170caa950cf15c18c454d47a39b26989d8b640ecd745ba71bf5dc
[38;5;229m[ADB][0m Signer #1 certificate SHA-1 digest: 61ed377e85d386a8dfee6b864bd85b0bfaa5af81
[38;5;229m[ADB][0m Signer #1 certificate MD5 digest: e89b158e4bcf988ebd09eb83f5378e87
[38;5;229m[ADB][0m 
[38;5;229m[ADB][0m sha256 hash did match for 'appium-uiautomator2-server-debug-androidTest.apk'
[38;5;229m[ADB][0m 'C:\repositorio\ebac-store-mobile-tests\node_modules\appium-uiautomator2-driver\node_modules\appium-uiautomator2-server\apks\appium-uiautomator2-server-debug-androidTest.apk' is signed with the default certificate
[38;5;229m[ADB][0m Getting install status for io.appium.uiautomator2.server.test
[38;5;229m[ADB][0m Running 'C:\Users\milli\AppData\Local\Android\Sdk\platform-tools\adb.exe -P 5037 -s emulator-5554 shell pm path io.appium.uiautomator2.server.test'
[38;5;229m[ADB][0m Calculated 'C:\repositorio\ebac-store-mobile-tests/app/ebacshop.apks' hash: 3ff2fab5563a1d264ebeab2f84500687872d3fed
[38;5;229m[ADB][0m 'io.appium.uiautomator2.server.test' is installed
[38;5;229m[ADB][0m Starting apksigner: 'C:\\Program Files\\Java\\jdk-21\\bin\\java.exe' -Xmx1024M -Xss1m -jar C:\\Users\\milli\\AppData\\Local\\Android\\Sdk\\build-tools\\36.0.0\\lib\\apksigner.jar verify --print-certs C:\\Users\\milli\\AppData\\Local\\Temp\\2025418-11280-1c05xj6.zrg3i\\splits\\base-master.apk
[38;5;229m[ADB][0m apksigner stdout: Signer #1 certificate DN: EMAILADDRESS=android@android.com, CN=Android, OU=Android, O=Android, L=Mountain View, ST=California, C=US
[38;5;229m[ADB][0m Signer #1 certificate SHA-256 digest: a40da80a59d170caa950cf15c18c454d47a39b26989d8b640ecd745ba71bf5dc
[38;5;229m[ADB][0m Signer #1 certificate SHA-1 digest: 61ed377e85d386a8dfee6b864bd85b0bfaa5af81
[38;5;229m[ADB][0m Signer #1 certificate MD5 digest: e89b158e4bcf988ebd09eb83f5378e87
[38;5;229m[ADB][0m 
[38;5;229m[ADB][0m sha256 hash did match for 'appium-uiautomator2-server-v6.0.9.apk'
[38;5;229m[ADB][0m 'C:\repositorio\ebac-store-mobile-tests\node_modules\appium-uiautomator2-driver\node_modules\appium-uiautomator2-server\apks\appium-uiautomator2-server-v6.0.9.apk' is signed with the default certificate
[38;5;229m[ADB][0m Getting package info for 'io.appium.uiautomator2.server'
[38;5;229m[ADB][0m Running 'C:\Users\milli\AppData\Local\Android\Sdk\platform-tools\adb.exe -P 5037 -s emulator-5554 shell dumpsys package io.appium.uiautomator2.server'
[38;5;229m[ADB][0m apksigner stdout: Signer #1 certificate DN: CN=camila ludwig, OU=ebac, O=ebac, L=sao paulo, ST=br, C=br
[38;5;229m[ADB][0m Signer #1 certificate SHA-256 digest: 0dc8e466990de8041edd14e94f422248ad1ed96685058553fae1d58d0616f57e
[38;5;229m[ADB][0m Signer #1 certificate SHA-1 digest: 14467b40aee00055847ef68431050dca90281604
[38;5;229m[ADB][0m Signer #1 certificate MD5 digest: 28df591754511056c7b984eaaa8a5db8
[38;5;229m[ADB][0m 
[38;5;229m[ADB][0m 'C:\Users\milli\AppData\Local\Temp\2025418-11280-1c05xj6.zrg3i\splits\base-master.apk' is signed with a non-default certificate
[38;5;229m[ADB][0m Getting package info for 'br.com.lojaebac'
[38;5;229m[ADB][0m Running 'C:\Users\milli\AppData\Local\Android\Sdk\platform-tools\adb.exe -P 5037 -s emulator-5554 shell dumpsys package br.com.lojaebac'
[38;5;229m[ADB][0m Calculated 'C:\repositorio\ebac-store-mobile-tests/app/ebacshop.apks' hash: 3ff2fab5563a1d264ebeab2f84500687872d3fed
[38;5;229m[ADB][0m The version name of the installed 'br.com.lojaebac' is greater or equal to the application version name ('1.0.0' >= '1.0.0')
[38;5;229m[ADB][0m There is no need to install/upgrade 'C:\repositorio\ebac-store-mobile-tests/app/ebacshop.apks'
[38;5;96m[AndroidUiautomator2Driver@a956 (3d224a09)][0m Performing fast reset on 'br.com.lojaebac'
[38;5;229m[ADB][0m Getting install status for br.com.lojaebac
[38;5;229m[ADB][0m Running 'C:\Users\milli\AppData\Local\Android\Sdk\platform-tools\adb.exe -P 5037 -s emulator-5554 shell pm path br.com.lojaebac'
[38;5;229m[ADB][0m 'br.com.lojaebac' is installed
[38;5;229m[ADB][0m Running 'C:\Users\milli\AppData\Local\Android\Sdk\platform-tools\adb.exe -P 5037 -s emulator-5554 shell am force-stop br.com.lojaebac'
[38;5;229m[ADB][0m The version code of the installed 'io.appium.uiautomator2.server' is greater than the application version code (215 > 161)
[38;5;96m[AndroidUiautomator2Driver@a956 (3d224a09)][0m Server packages status: [{"wasSigned":true,"installState":"newerVersionInstalled","appPath":"C:\\repositorio\\ebac-store-mobile-tests\\node_modules\\appium-uiautomator2-driver\\node_modules\\appium-uiautomator2-server\\apks\\appium-uiautomator2-server-v6.0.9.apk","appId":"io.appium.uiautomator2.server"},{"wasSigned":true,"installState":"sameVersionInstalled","appPath":"C:\\repositorio\\ebac-store-mobile-tests\\node_modules\\appium-uiautomator2-driver\\node_modules\\appium-uiautomator2-server\\apks\\appium-uiautomator2-server-debug-androidTest.apk","appId":"io.appium.uiautomator2.server.test"}]
[38;5;96m[AndroidUiautomator2Driver@a956 (3d224a09)][0m Server packages are not going to be (re)installed
[38;5;96m[AndroidUiautomator2Driver@a956 (3d224a09)][0m Waiting up to 30000ms for services to be available
[38;5;229m[ADB][0m Running 'C:\Users\milli\AppData\Local\Android\Sdk\platform-tools\adb.exe -P 5037 -s emulator-5554 shell pm list instrumentation'
[38;5;229m[ADB][0m Running 'C:\Users\milli\AppData\Local\Android\Sdk\platform-tools\adb.exe -P 5037 -s emulator-5554 shell pm clear br.com.lojaebac'
[38;5;96m[AndroidUiautomator2Driver@a956 (3d224a09)][0m Instrumentation target 'io.appium.uiautomator2.server.test/androidx.test.runner.AndroidJUnitRunner' is available
[38;5;229m[ADB][0m Adding packages ["io.appium.settings","io.appium.uiautomator2.server","io.appium.uiautomator2.server.test"] to Doze whitelist
[38;5;229m[ADB][0m Got the following command chunks to execute: [["dumpsys","deviceidle","whitelist","+io.appium.settings",";","dumpsys","deviceidle","whitelist","+io.appium.uiautomator2.server",";","dumpsys","deviceidle","whitelist","+io.appium.uiautomator2.server.test",";"]]
[38;5;229m[ADB][0m Running 'C:\Users\milli\AppData\Local\Android\Sdk\platform-tools\adb.exe -P 5037 -s emulator-5554 shell dumpsys deviceidle whitelist +io.appium.settings ; dumpsys deviceidle whitelist +io.appium.uiautomator2.server ; dumpsys deviceidle whitelist +io.appium.uiautomator2.server.test ;'
[38;5;96m[AndroidUiautomator2Driver@a956 (3d224a09)][0m Performed fast reset on the installed 'br.com.lojaebac' application (stop and clear)
[38;5;96m[AndroidUiautomator2Driver@a956 (3d224a09)][0m Performing shallow cleanup of automation leftovers
[38;5;96m[AndroidUiautomator2Driver@a956 (3d224a09)][0m The following obsolete sessions are still running: ["96920d70-3695-44c0-825c-0ac4eca78c43"]
[38;5;96m[AndroidUiautomator2Driver@a956 (3d224a09)][0m Cleaning up 1 obsolete session
[38;5;229m[ADB][0m Running 'C:\Users\milli\AppData\Local\Android\Sdk\platform-tools\adb.exe -P 5037 -s emulator-5554 shell am force-stop io.appium.uiautomator2.server.test'
[38;5;96m[AndroidUiautomator2Driver@a956 (3d224a09)][0m Starting UIAutomator2 server 6.0.9
[38;5;96m[AndroidUiautomator2Driver@a956 (3d224a09)][0m Using UIAutomator2 server from 'C:\repositorio\ebac-store-mobile-tests\node_modules\appium-uiautomator2-driver\node_modules\appium-uiautomator2-server\apks\appium-uiautomator2-server-v6.0.9.apk' and test from 'C:\repositorio\ebac-store-mobile-tests\node_modules\appium-uiautomator2-driver\node_modules\appium-uiautomator2-server\apks\appium-uiautomator2-server-debug-androidTest.apk'
[38;5;96m[AndroidUiautomator2Driver@a956 (3d224a09)][0m Waiting up to 30000ms for UiAutomator2 to be online...
[38;5;229m[ADB][0m Creating ADB subprocess with args: ["-P","5037","-s","emulator-5554","shell","am","instrument","-w","-e","disableAnalytics","true","io.appium.uiautomator2.server.test/androidx.test.runner.AndroidJUnitRunner"]
[38;5;96m[AndroidUiautomator2Driver@a956 (3d224a09)][0m Matched '/status' to command name 'getStatus'
[38;5;96m[AndroidUiautomator2Driver@a956 (3d224a09)][0m Proxying [GET /status] to [GET http://127.0.0.1:8201/status] with no body
[38;5;96m[AndroidUiautomator2Driver@a956 (3d224a09)][0m socket hang up
[38;5;74m[Instrumentation][0m io.appium.uiautomator2.server.test.AppiumUiAutomator2Server:
[38;5;96m[AndroidUiautomator2Driver@a956 (3d224a09)][0m Matched '/status' to command name 'getStatus'
[38;5;96m[AndroidUiautomator2Driver@a956 (3d224a09)][0m Proxying [GET /status] to [GET http://127.0.0.1:8201/status] with no body
[38;5;96m[AndroidUiautomator2Driver@a956 (3d224a09)][0m Got response with status 200: {"sessionId":"None","value":{"message":"UiAutomator2 Server is ready to accept commands","ready":true}}
[38;5;96m[AndroidUiautomator2Driver@a956 (3d224a09)][0m The initialization of the instrumentation process took 1151ms
[38;5;96m[AndroidUiautomator2Driver@a956 (3d224a09)][0m Matched '/session' to command name 'createSession'
[38;5;96m[AndroidUiautomator2Driver@a956 (3d224a09)][0m Proxying [POST /session] to [POST http://127.0.0.1:8201/session] with body: {"capabilities":{"firstMatch":[{"platformName":"Android","deviceName":"emulator-5554","platformVersion":"11.0","automationName":"UiAutomator2","app":"C:\\repositorio\\ebac-store-mobile-tests/app/ebacshop.apks","appWaitActivity":".MainActivity","disableIdLocatorAutocompletion":true,"platform":"LINUX","webStorageEnabled":false,"takesScreenshot":true,"javascriptEnabled":true,"databaseEnabled":false,"networkConnectionEnabled":true,"locationContextEnabled":false,"warnings":{},"desired":{"platformName":"Android","deviceName":"ebac","platformVersion":"11.0","automationName":"UiAutomator2","app":"C:\\repositorio\\ebac-store-mobile-tests/app/ebacshop.apks","appWaitActivity":".MainActivity","disableIdLocatorAutocompletion":true},"deviceUDID":"emulator-5554","appPackage":"br.com.lojaebac"}],"alwaysMatch":{}}}
[38;5;96m[AndroidUiautomator2Driver@a956 (3d224a09)][0m Got response with status 200: {"sessionId":"b506fa18-24aa-4e69-9457-cfe1ac323fc1","value":{"capabilities":{"firstMatch":[{"platformName":"Android","deviceName":"emulator-5554","platformVersion":"11.0","automationName":"UiAutomator2","app":"C:\\repositorio\\ebac-store-mobile-tests/app/ebacshop.apks","appWaitActivity":".MainActivity","disableIdLocatorAutocompletion":true,"platform":"LINUX","webStorageEnabled":false,"takesScreenshot":true,"javascriptEnabled":true,"databaseEnabled":false,"networkConnectionEnabled":true,"locationContextEnabled":false,"warnings":{},"desired":{"platformName":"Android","deviceName":"ebac","platformVersion":"11.0","automationName":"UiAutomator2","app":"C:\\repositorio\\ebac-store-mobile-tests/app/ebacshop.apks","appWaitActivity":".MainActivity","disableIdLocatorAutocompletion":true},"deviceUDID":"emulator-5554","appPackage":"br.com.lojaebac"}],"alwaysMatch":{}},"sessionId":"b506fa18-24aa-4e69-9457-cfe1ac323fc1"}}
[38;5;96m[AndroidUiautomator2Driver@a956 (3d224a09)][0m Determined the downstream protocol as 'W3C'
[38;5;96m[AndroidUiautomator2Driver@a956 (3d224a09)][0m Proxying [GET /appium/device/pixel_ratio] to [GET http://127.0.0.1:8201/session/b506fa18-24aa-4e69-9457-cfe1ac323fc1/appium/device/pixel_ratio] with no body
[38;5;96m[AndroidUiautomator2Driver@a956 (3d224a09)][0m Matched '/appium/device/system_bars' to command name 'getSystemBars'
[38;5;96m[AndroidUiautomator2Driver@a956 (3d224a09)][0m Proxying [GET /appium/device/system_bars] to [GET http://127.0.0.1:8201/session/b506fa18-24aa-4e69-9457-cfe1ac323fc1/appium/device/system_bars] with no body
[38;5;96m[AndroidUiautomator2Driver@a956 (3d224a09)][0m Matched '/window/current/size' to command name 'getWindowSize'
[38;5;96m[AndroidUiautomator2Driver@a956 (3d224a09)][0m Proxying [GET /window/current/size] to [GET http://127.0.0.1:8201/session/b506fa18-24aa-4e69-9457-cfe1ac323fc1/window/current/size] with no body
[38;5;96m[AndroidUiautomator2Driver@a956 (3d224a09)][0m Proxying [GET /appium/device/info] to [GET http://127.0.0.1:8201/session/b506fa18-24aa-4e69-9457-cfe1ac323fc1/appium/device/info] with no body
[38;5;229m[ADB][0m Running 'C:\Users\milli\AppData\Local\Android\Sdk\platform-tools\adb.exe -P 5037 -s emulator-5554 shell dumpsys window'
[38;5;96m[AndroidUiautomator2Driver@a956 (3d224a09)][0m Got response with status 200: {"sessionId":"b506fa18-24aa-4e69-9457-cfe1ac323fc1","value":2.75}
[38;5;96m[AndroidUiautomator2Driver@a956 (3d224a09)][0m Got response with status 200: {"sessionId":"b506fa18-24aa-4e69-9457-cfe1ac323fc1","value":{"statusBar":145}}
[38;5;96m[AndroidUiautomator2Driver@a956 (3d224a09)][0m Got response with status 200: {"sessionId":"b506fa18-24aa-4e69-9457-cfe1ac323fc1","value":{"height":2340,"width":1080}}
[38;5;96m[AndroidUiautomator2Driver@a956 (3d224a09)][0m Screen already unlocked, doing nothing
[38;5;96m[AndroidUiautomator2Driver@a956 (3d224a09)][0m Starting 'br.com.lojaebac/br.com.lojaebac.MainActivity and waiting for 'br.com.lojaebac/.MainActivity'
[38;5;229m[ADB][0m Running 'C:\Users\milli\AppData\Local\Android\Sdk\platform-tools\adb.exe -P 5037 -s emulator-5554 shell am start -W -n br.com.lojaebac/br.com.lojaebac.MainActivity -S -a android.intent.action.MAIN -c android.intent.category.LAUNCHER -f 0x10200000'
[38;5;96m[AndroidUiautomator2Driver@a956 (3d224a09)][0m Got response with status 200: {"sessionId":"b506fa18-24aa-4e69-9457-cfe1ac323fc1","value":{"androidId":"0458acee549452f2","apiVersion":"30","bluetooth":{"state":"ON"},"brand":"google","carrierName":"Android","displayDensity":440,"locale":"en_US","manufacturer":"Google","model":"sdk_gphone_x86","networks":[{"capabilities":{"SSID":null,"linkDownBandwidthKbps":37000,"linkUpstreamBandwidthKbps":37000,"networkCapabilities":"NET_CAPABILITY_NOT_METERED,NET_CAPABILITY_INTERNET,NET_CAPABILITY_NOT_RESTRICTED,NET_CAPABILITY_TRUSTED,NET_CAPABILITY_NOT_VPN,NET_CAPABILITY_VALIDATED,NET_CAPABILITY_NOT_ROAMING,NET_CAPABILITY_FOREGROUND,NET_CAPABILITY_NOT_CONGESTED,NET_CAPABILITY_NOT_SUSPENDED","signalStrength":-50,"transportTypes":"TRANSPORT_WIFI"},"detailedState":"CONNECTED","extraInfo":"","isAvailable":true,"isConnected":true,"isFailover":false,"isRoaming":false,"state":"CONNECTED","subtype":0,"subtypeName":"","type":1,"typeName":"WIFI"},{"capabilities":{"SSID":null,"linkDownBandwidthKbps":30000,"linkUpstreamBandwidthKbps":15000,"networkCapabilities...
[38;5;229m[ADB][0m Waiting up to 20000ms for activity matching pkg: 'br.com.lojaebac' and activity: '.MainActivity' to be focused
[38;5;229m[ADB][0m Possible activities, to be checked: 'br.com.lojaebac.MainActivity'
[38;5;229m[ADB][0m Getting focused package and activity
[38;5;229m[ADB][0m Running 'C:\Users\milli\AppData\Local\Android\Sdk\platform-tools\adb.exe -P 5037 -s emulator-5554 shell dumpsys window displays'
[38;5;229m[ADB][0m Found package: 'br.com.lojaebac' and fully qualified activity name : 'br.com.lojaebac.MainActivity'
[38;5;99m[AppiumDriver@1f1c][0m New AndroidUiautomator2Driver session created successfully, session 3d224a09-891d-4364-81aa-d581f741a5c8 added to master session list
[38;5;99m[AppiumDriver@1f1c][0m Event 'newSessionStarted' logged at 1747612705684 (20:58:25 GMT-0300 (Horário Padrão de Brasília))
[38;5;96m[AndroidUiautomator2Driver@a956 (3d224a09)][0m Cached the protocol value 'W3C' for the new session 3d224a09-891d-4364-81aa-d581f741a5c8
[38;5;96m[AndroidUiautomator2Driver@a956 (3d224a09)][0m Responding to client with driver.createSession() result: {"capabilities":{"platformName":"Android","deviceName":"emulator-5554","platformVersion":"11","automationName":"UiAutomator2","app":"C:\\repositorio\\ebac-store-mobile-tests/app/ebacshop.apks","appWaitActivity":".MainActivity","disableIdLocatorAutocompletion":true,"platform":"LINUX","webStorageEnabled":false,"takesScreenshot":true,"javascriptEnabled":true,"databaseEnabled":false,"networkConnectionEnabled":true,"locationContextEnabled":false,"warnings":{},"desired":{"platformName":"Android","deviceName":"ebac","platformVersion":"11.0","automationName":"UiAutomator2","app":"C:\\repositorio\\ebac-store-mobile-tests/app/ebacshop.apks","appWaitActivity":".MainActivity","disableIdLocatorAutocompletion":true},"deviceUDID":"emulator-5554","appPackage":"br.com.lojaebac","pixelRatio":"2.75","statBarHeight":145,"viewportRect":{"left":0,"top":145,"width":1080,"height":2195},"deviceApiLevel":30,"deviceManufacturer":"Google","deviceModel":"sdk_gphone_x86","deviceScreenSize":"1080x2340","deviceScreenDensity":440}}
[38;5;86m[HTTP][0m [37m<-- POST /session [39m[32m200[39m [90m8705 ms - 1075[39m [90m[39m
[38;5;101m[3d224a09][0m[38;5;86m[HTTP][0m [37m-->[39m [37mPOST[39m [37m/session/3d224a09-891d-4364-81aa-d581f741a5c8/timeouts[39m [90m{"implicit":15000,"pageLoad":500000,"script":30000}[39m
[38;5;101m[3d224a09][0m[38;5;96m[AndroidUiautomator2Driver@a956 (3d224a09)][0m Calling AppiumDriver.timeouts() with args: [null,null,30000,500000,15000,"3d224a09-891d-4364-81aa-d581f741a5c8"]
[38;5;101m[3d224a09][0m[38;5;96m[AndroidUiautomator2Driver@a956 (3d224a09)][0m W3C timeout argument: {"script":30000,"pageLoad":500000,"implicit":15000}}
[38;5;101m[3d224a09][0m[38;5;96m[AndroidUiautomator2Driver@a956 (3d224a09)][0m Encountered internal error running command: NotImplementedError: Not implemented yet for script.
[38;5;101m[3d224a09][0m[38;5;96m[AndroidUiautomator2Driver@a956 (3d224a09)][0m     at AndroidUiautomator2Driver.scriptTimeoutW3C (C:\repositorio\ebac-store-mobile-tests\node_modules\appium-uiautomator2-driver\node_modules\@appium\base-driver\lib\basedriver\commands\timeout.ts:89:11)
[38;5;101m[3d224a09][0m[38;5;96m[AndroidUiautomator2Driver@a956 (3d224a09)][0m     at AndroidUiautomator2Driver.timeouts (C:\repositorio\ebac-store-mobile-tests\node_modules\appium-uiautomator2-driver\node_modules\@appium\base-driver\lib\basedriver\commands\timeout.ts:48:18)
[38;5;101m[3d224a09][0m[38;5;96m[AndroidUiautomator2Driver@a956 (3d224a09)][0m     at commandExecutor (C:\repositorio\ebac-store-mobile-tests\node_modules\appium-uiautomator2-driver\node_modules\@appium\base-driver\lib\basedriver\driver.ts:106:18)
[38;5;101m[3d224a09][0m[38;5;96m[AndroidUiautomator2Driver@a956 (3d224a09)][0m     at C:\repositorio\ebac-store-mobile-tests\node_modules\appium-uiautomator2-driver\node_modules\async-lock\lib\index.js:171:12
[38;5;101m[3d224a09][0m[38;5;96m[AndroidUiautomator2Driver@a956 (3d224a09)][0m     at AsyncLock._promiseTry (C:\repositorio\ebac-store-mobile-tests\node_modules\appium-uiautomator2-driver\node_modules\async-lock\lib\index.js:306:31)
[38;5;101m[3d224a09][0m[38;5;96m[AndroidUiautomator2Driver@a956 (3d224a09)][0m     at exec (C:\repositorio\ebac-store-mobile-tests\node_modules\appium-uiautomator2-driver\node_modules\async-lock\lib\index.js:170:9)
[38;5;101m[3d224a09][0m[38;5;96m[AndroidUiautomator2Driver@a956 (3d224a09)][0m     at AsyncLock.acquire (C:\repositorio\ebac-store-mobile-tests\node_modules\appium-uiautomator2-driver\node_modules\async-lock\lib\index.js:189:3)
[38;5;101m[3d224a09][0m[38;5;96m[AndroidUiautomator2Driver@a956 (3d224a09)][0m     at AndroidUiautomator2Driver.executeCommand (C:\repositorio\ebac-store-mobile-tests\node_modules\appium-uiautomator2-driver\node_modules\@appium\base-driver\lib\basedriver\driver.ts:122:39)
[38;5;101m[3d224a09][0m[38;5;96m[AndroidUiautomator2Driver@a956 (3d224a09)][0m     at processTicksAndRejections (node:internal/process/task_queues:105:5)
[38;5;101m[3d224a09][0m[38;5;96m[AndroidUiautomator2Driver@a956 (3d224a09)][0m     at defaultBehavior (C:\repositorio\ebac-store-mobile-tests\node_modules\appium\lib\appium.js:769:14)
[38;5;101m[3d224a09][0m[38;5;96m[AndroidUiautomator2Driver@a956 (3d224a09)][0m     at AppiumDriver.executeWrappedCommand (C:\repositorio\ebac-store-mobile-tests\node_modules\appium\lib\appium.js:882:16)
[38;5;101m[3d224a09][0m[38;5;96m[AndroidUiautomator2Driver@a956 (3d224a09)][0m     at AppiumDriver.executeCommand (C:\repositorio\ebac-store-mobile-tests\node_modules\appium\lib\appium.js:781:17)
[38;5;101m[3d224a09][0m[38;5;96m[AndroidUiautomator2Driver@a956 (3d224a09)][0m     at asyncHandler (C:\repositorio\ebac-store-mobile-tests\node_modules\@appium\base-driver\lib\protocol\protocol.js:389:19)
[38;5;101m[3d224a09][0m[38;5;86m[HTTP][0m [37m<-- POST /session/3d224a09-891d-4364-81aa-d581f741a5c8/timeouts [39m[33m405[39m [90m16 ms - 2142[39m [90m[39m
[38;5;101m[3d224a09][0m[38;5;86m[HTTP][0m [37m-->[39m [37mPOST[39m [37m/session/3d224a09-891d-4364-81aa-d581f741a5c8/timeouts[39m [90m{"implicit":15000,"pageLoad":500000,"script":30000}[39m
[38;5;101m[3d224a09][0m[38;5;96m[AndroidUiautomator2Driver@a956 (3d224a09)][0m Calling AppiumDriver.timeouts() with args: [null,null,30000,500000,15000,"3d224a09-891d-4364-81aa-d581f741a5c8"]
[38;5;101m[3d224a09][0m[38;5;96m[AndroidUiautomator2Driver@a956 (3d224a09)][0m W3C timeout argument: {"script":30000,"pageLoad":500000,"implicit":15000}}
[38;5;101m[3d224a09][0m[38;5;96m[AndroidUiautomator2Driver@a956 (3d224a09)][0m Encountered internal error running command: NotImplementedError: Not implemented yet for script.
[38;5;101m[3d224a09][0m[38;5;96m[AndroidUiautomator2Driver@a956 (3d224a09)][0m     at AndroidUiautomator2Driver.scriptTimeoutW3C (C:\repositorio\ebac-store-mobile-tests\node_modules\appium-uiautomator2-driver\node_modules\@appium\base-driver\lib\basedriver\commands\timeout.ts:89:11)
[38;5;101m[3d224a09][0m[38;5;96m[AndroidUiautomator2Driver@a956 (3d224a09)][0m     at AndroidUiautomator2Driver.timeouts (C:\repositorio\ebac-store-mobile-tests\node_modules\appium-uiautomator2-driver\node_modules\@appium\base-driver\lib\basedriver\commands\timeout.ts:48:18)
[38;5;101m[3d224a09][0m[38;5;96m[AndroidUiautomator2Driver@a956 (3d224a09)][0m     at commandExecutor (C:\repositorio\ebac-store-mobile-tests\node_modules\appium-uiautomator2-driver\node_modules\@appium\base-driver\lib\basedriver\driver.ts:106:18)
[38;5;101m[3d224a09][0m[38;5;96m[AndroidUiautomator2Driver@a956 (3d224a09)][0m     at C:\repositorio\ebac-store-mobile-tests\node_modules\appium-uiautomator2-driver\node_modules\async-lock\lib\index.js:171:12
[38;5;101m[3d224a09][0m[38;5;96m[AndroidUiautomator2Driver@a956 (3d224a09)][0m     at AsyncLock._promiseTry (C:\repositorio\ebac-store-mobile-tests\node_modules\appium-uiautomator2-driver\node_modules\async-lock\lib\index.js:306:31)
[38;5;101m[3d224a09][0m[38;5;96m[AndroidUiautomator2Driver@a956 (3d224a09)][0m     at exec (C:\repositorio\ebac-store-mobile-tests\node_modules\appium-uiautomator2-driver\node_modules\async-lock\lib\index.js:170:9)
[38;5;101m[3d224a09][0m[38;5;96m[AndroidUiautomator2Driver@a956 (3d224a09)][0m     at AsyncLock.acquire (C:\repositorio\ebac-store-mobile-tests\node_modules\appium-uiautomator2-driver\node_modules\async-lock\lib\index.js:189:3)
[38;5;101m[3d224a09][0m[38;5;96m[AndroidUiautomator2Driver@a956 (3d224a09)][0m     at AndroidUiautomator2Driver.executeCommand (C:\repositorio\ebac-store-mobile-tests\node_modules\appium-uiautomator2-driver\node_modules\@appium\base-driver\lib\basedriver\driver.ts:122:39)
[38;5;101m[3d224a09][0m[38;5;96m[AndroidUiautomator2Driver@a956 (3d224a09)][0m     at processTicksAndRejections (node:internal/process/task_queues:105:5)
[38;5;101m[3d224a09][0m[38;5;96m[AndroidUiautomator2Driver@a956 (3d224a09)][0m     at defaultBehavior (C:\repositorio\ebac-store-mobile-tests\node_modules\appium\lib\appium.js:769:14)
[38;5;101m[3d224a09][0m[38;5;96m[AndroidUiautomator2Driver@a956 (3d224a09)][0m     at AppiumDriver.executeWrappedCommand (C:\repositorio\ebac-store-mobile-tests\node_modules\appium\lib\appium.js:882:16)
[38;5;101m[3d224a09][0m[38;5;96m[AndroidUiautomator2Driver@a956 (3d224a09)][0m     at AppiumDriver.executeCommand (C:\repositorio\ebac-store-mobile-tests\node_modules\appium\lib\appium.js:781:17)
[38;5;101m[3d224a09][0m[38;5;96m[AndroidUiautomator2Driver@a956 (3d224a09)][0m     at asyncHandler (C:\repositorio\ebac-store-mobile-tests\node_modules\@appium\base-driver\lib\protocol\protocol.js:389:19)
[38;5;101m[3d224a09][0m[38;5;86m[HTTP][0m [37m<-- POST /session/3d224a09-891d-4364-81aa-d581f741a5c8/timeouts [39m[33m405[39m [90m3 ms - 2142[39m [90m[39m
[38;5;101m[3d224a09][0m[38;5;86m[HTTP][0m [37m-->[39m [37mPOST[39m [37m/session/3d224a09-891d-4364-81aa-d581f741a5c8/timeouts[39m [90m{"implicit":15000,"pageLoad":500000,"script":30000}[39m
[38;5;101m[3d224a09][0m[38;5;96m[AndroidUiautomator2Driver@a956 (3d224a09)][0m Calling AppiumDriver.timeouts() with args: [null,null,30000,500000,15000,"3d224a09-891d-4364-81aa-d581f741a5c8"]
[38;5;101m[3d224a09][0m[38;5;96m[AndroidUiautomator2Driver@a956 (3d224a09)][0m W3C timeout argument: {"script":30000,"pageLoad":500000,"implicit":15000}}
[38;5;101m[3d224a09][0m[38;5;96m[AndroidUiautomator2Driver@a956 (3d224a09)][0m Encountered internal error running command: NotImplementedError: Not implemented yet for script.
[38;5;101m[3d224a09][0m[38;5;96m[AndroidUiautomator2Driver@a956 (3d224a09)][0m     at AndroidUiautomator2Driver.scriptTimeoutW3C (C:\repositorio\ebac-store-mobile-tests\node_modules\appium-uiautomator2-driver\node_modules\@appium\base-driver\lib\basedriver\commands\timeout.ts:89:11)
[38;5;101m[3d224a09][0m[38;5;96m[AndroidUiautomator2Driver@a956 (3d224a09)][0m     at AndroidUiautomator2Driver.timeouts (C:\repositorio\ebac-store-mobile-tests\node_modules\appium-uiautomator2-driver\node_modules\@appium\base-driver\lib\basedriver\commands\timeout.ts:48:18)
[38;5;101m[3d224a09][0m[38;5;96m[AndroidUiautomator2Driver@a956 (3d224a09)][0m     at commandExecutor (C:\repositorio\ebac-store-mobile-tests\node_modules\appium-uiautomator2-driver\node_modules\@appium\base-driver\lib\basedriver\driver.ts:106:18)
[38;5;101m[3d224a09][0m[38;5;96m[AndroidUiautomator2Driver@a956 (3d224a09)][0m     at C:\repositorio\ebac-store-mobile-tests\node_modules\appium-uiautomator2-driver\node_modules\async-lock\lib\index.js:171:12
[38;5;101m[3d224a09][0m[38;5;96m[AndroidUiautomator2Driver@a956 (3d224a09)][0m     at AsyncLock._promiseTry (C:\repositorio\ebac-store-mobile-tests\node_modules\appium-uiautomator2-driver\node_modules\async-lock\lib\index.js:306:31)
[38;5;101m[3d224a09][0m[38;5;96m[AndroidUiautomator2Driver@a956 (3d224a09)][0m     at exec (C:\repositorio\ebac-store-mobile-tests\node_modules\appium-uiautomator2-driver\node_modules\async-lock\lib\index.js:170:9)
[38;5;101m[3d224a09][0m[38;5;96m[AndroidUiautomator2Driver@a956 (3d224a09)][0m     at AsyncLock.acquire (C:\repositorio\ebac-store-mobile-tests\node_modules\appium-uiautomator2-driver\node_modules\async-lock\lib\index.js:189:3)
[38;5;101m[3d224a09][0m[38;5;96m[AndroidUiautomator2Driver@a956 (3d224a09)][0m     at AndroidUiautomator2Driver.executeCommand (C:\repositorio\ebac-store-mobile-tests\node_modules\appium-uiautomator2-driver\node_modules\@appium\base-driver\lib\basedriver\driver.ts:122:39)
[38;5;101m[3d224a09][0m[38;5;96m[AndroidUiautomator2Driver@a956 (3d224a09)][0m     at processTicksAndRejections (node:internal/process/task_queues:105:5)
[38;5;101m[3d224a09][0m[38;5;96m[AndroidUiautomator2Driver@a956 (3d224a09)][0m     at defaultBehavior (C:\repositorio\ebac-store-mobile-tests\node_modules\appium\lib\appium.js:769:14)
[38;5;101m[3d224a09][0m[38;5;96m[AndroidUiautomator2Driver@a956 (3d224a09)][0m     at AppiumDriver.executeWrappedCommand (C:\repositorio\ebac-store-mobile-tests\node_modules\appium\lib\appium.js:882:16)
[38;5;101m[3d224a09][0m[38;5;96m[AndroidUiautomator2Driver@a956 (3d224a09)][0m     at AppiumDriver.executeCommand (C:\repositorio\ebac-store-mobile-tests\node_modules\appium\lib\appium.js:781:17)
[38;5;101m[3d224a09][0m[38;5;96m[AndroidUiautomator2Driver@a956 (3d224a09)][0m     at asyncHandler (C:\repositorio\ebac-store-mobile-tests\node_modules\@appium\base-driver\lib\protocol\protocol.js:389:19)
[38;5;101m[3d224a09][0m[38;5;86m[HTTP][0m [37m<-- POST /session/3d224a09-891d-4364-81aa-d581f741a5c8/timeouts [39m[33m405[39m [90m3 ms - 2142[39m [90m[39m
[38;5;101m[3d224a09][0m[38;5;86m[HTTP][0m [37m-->[39m [37mPOST[39m [37m/session/3d224a09-891d-4364-81aa-d581f741a5c8/timeouts[39m [90m{"implicit":15000,"pageLoad":500000,"script":30000}[39m
[38;5;101m[3d224a09][0m[38;5;96m[AndroidUiautomator2Driver@a956 (3d224a09)][0m Calling AppiumDriver.timeouts() with args: [null,null,30000,500000,15000,"3d224a09-891d-4364-81aa-d581f741a5c8"]
[38;5;101m[3d224a09][0m[38;5;96m[AndroidUiautomator2Driver@a956 (3d224a09)][0m W3C timeout argument: {"script":30000,"pageLoad":500000,"implicit":15000}}
[38;5;101m[3d224a09][0m[38;5;96m[AndroidUiautomator2Driver@a956 (3d224a09)][0m Encountered internal error running command: NotImplementedError: Not implemented yet for script.
[38;5;101m[3d224a09][0m[38;5;96m[AndroidUiautomator2Driver@a956 (3d224a09)][0m     at AndroidUiautomator2Driver.scriptTimeoutW3C (C:\repositorio\ebac-store-mobile-tests\node_modules\appium-uiautomator2-driver\node_modules\@appium\base-driver\lib\basedriver\commands\timeout.ts:89:11)
[38;5;101m[3d224a09][0m[38;5;96m[AndroidUiautomator2Driver@a956 (3d224a09)][0m     at AndroidUiautomator2Driver.timeouts (C:\repositorio\ebac-store-mobile-tests\node_modules\appium-uiautomator2-driver\node_modules\@appium\base-driver\lib\basedriver\commands\timeout.ts:48:18)
[38;5;101m[3d224a09][0m[38;5;96m[AndroidUiautomator2Driver@a956 (3d224a09)][0m     at commandExecutor (C:\repositorio\ebac-store-mobile-tests\node_modules\appium-uiautomator2-driver\node_modules\@appium\base-driver\lib\basedriver\driver.ts:106:18)
[38;5;101m[3d224a09][0m[38;5;96m[AndroidUiautomator2Driver@a956 (3d224a09)][0m     at C:\repositorio\ebac-store-mobile-tests\node_modules\appium-uiautomator2-driver\node_modules\async-lock\lib\index.js:171:12
[38;5;101m[3d224a09][0m[38;5;96m[AndroidUiautomator2Driver@a956 (3d224a09)][0m     at AsyncLock._promiseTry (C:\repositorio\ebac-store-mobile-tests\node_modules\appium-uiautomator2-driver\node_modules\async-lock\lib\index.js:306:31)
[38;5;101m[3d224a09][0m[38;5;96m[AndroidUiautomator2Driver@a956 (3d224a09)][0m     at exec (C:\repositorio\ebac-store-mobile-tests\node_modules\appium-uiautomator2-driver\node_modules\async-lock\lib\index.js:170:9)
[38;5;101m[3d224a09][0m[38;5;96m[AndroidUiautomator2Driver@a956 (3d224a09)][0m     at AsyncLock.acquire (C:\repositorio\ebac-store-mobile-tests\node_modules\appium-uiautomator2-driver\node_modules\async-lock\lib\index.js:189:3)
[38;5;101m[3d224a09][0m[38;5;96m[AndroidUiautomator2Driver@a956 (3d224a09)][0m     at AndroidUiautomator2Driver.executeCommand (C:\repositorio\ebac-store-mobile-tests\node_modules\appium-uiautomator2-driver\node_modules\@appium\base-driver\lib\basedriver\driver.ts:122:39)
[38;5;101m[3d224a09][0m[38;5;96m[AndroidUiautomator2Driver@a956 (3d224a09)][0m     at processTicksAndRejections (node:internal/process/task_queues:105:5)
[38;5;101m[3d224a09][0m[38;5;96m[AndroidUiautomator2Driver@a956 (3d224a09)][0m     at defaultBehavior (C:\repositorio\ebac-store-mobile-tests\node_modules\appium\lib\appium.js:769:14)
[38;5;101m[3d224a09][0m[38;5;96m[AndroidUiautomator2Driver@a956 (3d224a09)][0m     at AppiumDriver.executeWrappedCommand (C:\repositorio\ebac-store-mobile-tests\node_modules\appium\lib\appium.js:882:16)
[38;5;101m[3d224a09][0m[38;5;96m[AndroidUiautomator2Driver@a956 (3d224a09)][0m     at AppiumDriver.executeCommand (C:\repositorio\ebac-store-mobile-tests\node_modules\appium\lib\appium.js:781:17)
[38;5;101m[3d224a09][0m[38;5;96m[AndroidUiautomator2Driver@a956 (3d224a09)][0m     at asyncHandler (C:\repositorio\ebac-store-mobile-tests\node_modules\@appium\base-driver\lib\protocol\protocol.js:389:19)
[38;5;101m[3d224a09][0m[38;5;86m[HTTP][0m [37m<-- POST /session/3d224a09-891d-4364-81aa-d581f741a5c8/timeouts [39m[33m405[39m [90m3 ms - 2142[39m [90m[39m
[38;5;101m[3d224a09][0m[38;5;86m[HTTP][0m [37m-->[39m [37mDELETE[39m [37m/session/3d224a09-891d-4364-81aa-d581f741a5c8[39m [90m{}[39m
[38;5;101m[3d224a09][0m[38;5;96m[AndroidUiautomator2Driver@a956 (3d224a09)][0m Calling AppiumDriver.deleteSession() with args: ["3d224a09-891d-4364-81aa-d581f741a5c8"]
[38;5;101m[3d224a09][0m[38;5;99m[AppiumDriver@1f1c][0m Event 'quitSessionRequested' logged at 1747612707335 (20:58:27 GMT-0300 (Horário Padrão de Brasília))
[38;5;101m[3d224a09][0m[38;5;99m[AppiumDriver@1f1c][0m Removing session 3d224a09-891d-4364-81aa-d581f741a5c8 from our master session list
[38;5;101m[3d224a09][0m[38;5;96m[AndroidUiautomator2Driver@a956 (3d224a09)][0m Deleting UiAutomator2 session
[38;5;101m[3d224a09][0m[38;5;96m[AndroidUiautomator2Driver@a956 (3d224a09)][0m Deleting UiAutomator2 server session
[38;5;101m[3d224a09][0m[38;5;96m[AndroidUiautomator2Driver@a956 (3d224a09)][0m Matched '/' to command name 'deleteSession'
[38;5;101m[3d224a09][0m[38;5;96m[AndroidUiautomator2Driver@a956 (3d224a09)][0m Proxying [DELETE /] to [DELETE http://127.0.0.1:8201/session/b506fa18-24aa-4e69-9457-cfe1ac323fc1] with no body
[38;5;101m[3d224a09][0m[38;5;96m[AndroidUiautomator2Driver@a956 (3d224a09)][0m Got response with status 200: {"sessionId":"b506fa18-24aa-4e69-9457-cfe1ac323fc1","value":null}
[38;5;101m[3d224a09][0m[38;5;229m[ADB][0m Running 'C:\Users\milli\AppData\Local\Android\Sdk\platform-tools\adb.exe -P 5037 -s emulator-5554 shell dumpsys activity services io.appium.settings/.recorder.RecorderService'
[38;5;101m[3d224a09][0m[38;5;229m[ADB][0m Running 'C:\Users\milli\AppData\Local\Android\Sdk\platform-tools\adb.exe -P 5037 -s emulator-5554 shell am force-stop br.com.lojaebac'
[38;5;74m[Instrumentation][0m .
[38;5;74m[Instrumentation][0m Time: 3.447
[38;5;74m[Instrumentation][0m 
[38;5;74m[Instrumentation][0m OK (1 test)
[38;5;74m[Instrumentation][0m The process has exited with code 0
[38;5;101m[3d224a09][0m[38;5;160m[Logcat][0m Stopping logcat capture
[38;5;101m[3d224a09][0m[38;5;229m[ADB][0m Removing forwarded port socket connection: 8201 
[38;5;101m[3d224a09][0m[38;5;229m[ADB][0m Running 'C:\Users\milli\AppData\Local\Android\Sdk\platform-tools\adb.exe -P 5037 -s emulator-5554 forward --remove tcp:8201'
[38;5;101m[3d224a09][0m[38;5;96m[AndroidUiautomator2Driver@a956 (3d224a09)][0m Restoring hidden api policy to the device default configuration
[38;5;101m[3d224a09][0m[38;5;229m[ADB][0m Running 'C:\Users\milli\AppData\Local\Android\Sdk\platform-tools\adb.exe -P 5037 -s emulator-5554 shell 'settings delete global hidden_api_policy_pre_p_apps;settings delete global hidden_api_policy_p_apps;settings delete global hidden_api_policy''
[38;5;101m[3d224a09][0m[38;5;99m[AppiumDriver@1f1c][0m Event 'quitSessionFinished' logged at 1747612707888 (20:58:27 GMT-0300 (Horário Padrão de Brasília))
[38;5;101m[3d224a09][0m[38;5;99m[AppiumDriver@1f1c][0m Received response: null
[38;5;101m[3d224a09][0m[38;5;99m[AppiumDriver@1f1c][0m But deleting session, so not returning
[38;5;101m[3d224a09][0m[38;5;99m[AppiumDriver@1f1c][0m Responding to client with driver.deleteSession() result: null
[38;5;101m[3d224a09][0m[38;5;86m[HTTP][0m [37m<-- DELETE /session/3d224a09-891d-4364-81aa-d581f741a5c8 [39m[32m200[39m [90m555 ms - 14[39m [90m[39m
